<?xml version="1.0" encoding="UTF-8"?>
<!-- Generated by org.testng.reporters.JUnitXMLReporter -->
<testsuite ignored="4" hostname="KetMayu" failures="0" tests="1" name="Test" time="2.606" errors="0" timestamp="2023-07-16T18:41:24 IST">
  <testcase classname="com.Demo.baseclass.BaseClass" name="@BeforeTest setup" time="2.543">
    <failure type="java.lang.NullPointerException" message="null value in entry: url=null">
      <![CDATA[java.lang.NullPointerException: null value in entry: url=null
at com.google.common.collect.CollectPreconditions.checkEntryNotNull(CollectPreconditions.java:33)
at com.google.common.collect.SingletonImmutableBiMap.<init>(SingletonImmutableBiMap.java:43)
at com.google.common.collect.ImmutableBiMap.of(ImmutableBiMap.java:81)
at com.google.common.collect.ImmutableMap.of(ImmutableMap.java:128)
at org.openqa.selenium.remote.DriverCommand.GET(DriverCommand.java:182)
at org.openqa.selenium.remote.RemoteWebDriver.get(RemoteWebDriver.java:295)
at com.Demo.commons.Commons.launchUrl(Commons.java:82)
at com.Demo.baseclass.BaseClass.setup(BaseClass.java:13)
... Removed 22 stack frames]]>
    </failure>
  </testcase> <!-- @BeforeTest setup -->
  <testcase classname="com.Demo.baseclass.BaseClass" name="@AfterTest tearDown" time="0.0">
    <skipped/>
  </testcase> <!-- @AfterTest tearDown -->
  <testcase classname="com.Demo.login.LoginTests" name="TE_007" time="0.0">
    <skipped/>
  </testcase> <!-- TE_007 -->
  <testcase classname="com.Demo.login.LoginTests" name="TE_001" time="0.0">
    <ignored/>
  </testcase> <!-- TE_001 -->
  <testcase classname="com.Demo.login.LoginTests" name="TE_002" time="0.0">
    <ignored/>
  </testcase> <!-- TE_002 -->
  <testcase classname="com.Demo.login.LoginTests" name="TE_003" time="0.0">
    <ignored/>
  </testcase> <!-- TE_003 -->
  <testcase classname="com.Demo.login.LoginTests" name="TE__004" time="0.0">
    <ignored/>
  </testcase> <!-- TE__004 -->
</testsuite> <!-- Test -->
